<?xml version="1.0" encoding="UTF-8"?>
<!-- Generated by org.testng.reporters.JUnitReportReporter -->
<testsuite hostname="Matrix" name="service.KeyMapComparatorTest" tests="1" failures="0" timestamp="12 Jan 2019 07:20:35 GMT" time="0.007" errors="0">
  <testcase name="canInstantiateObject" time="0.007" classname="service.KeyMapComparatorTest"/>
</testsuite> <!-- service.KeyMapComparatorTest -->
